2023-02-17 19:28:43,658 DEBUG    root            Loaded Command Group: ['gcloud', 'components']
2023-02-17 19:28:43,662 DEBUG    root            Loaded Command Group: ['gcloud', 'components', 'update']
2023-02-17 19:28:43,664 DEBUG    root            Running [gcloud.components.update] with arguments: [--allow-no-backup: "True", --quiet: "True", COMPONENT-IDS:7: "['core', 'gcloud-deps', 'bq', 'gcloud', 'gcloud-crc32c', 'gsutil', 'anthoscli']"]
2023-02-17 19:28:43,665 INFO     ___FILE_ONLY___ Beginning update. This process may take several minutes.

2023-02-17 19:28:55,694 DEBUG    urllib3.connectionpool Starting new HTTPS connection (1): dl.google.com:443
2023-02-17 19:28:55,725 DEBUG    urllib3.connectionpool https://dl.google.com:443 "GET /dl/cloudsdk/channels/rapid/components-2.json HTTP/1.1" 200 206156
2023-02-17 19:28:55,739 INFO     ___FILE_ONLY___ 

2023-02-17 19:28:55,739 INFO     ___FILE_ONLY___ 
Your current Google Cloud CLI version is: 418.0.0

2023-02-17 19:28:55,740 INFO     ___FILE_ONLY___ Installing components from version: 418.0.0

2023-02-17 19:28:55,740 INFO     ___FILE_ONLY___ 

2023-02-17 19:28:55,740 DEBUG    root            Chosen display Format:table[box,title="These components will be removed."](details.display_name:label=Name:align=left,version.version_string:label=Version:align=right,data.size.size(zero="",min=1048576):label=Size:align=right)
2023-02-17 19:28:55,741 DEBUG    root            Chosen display Format:table[box,title="These components will be updated."](details.display_name:label=Name:align=left,version.version_string:label=Version:align=right,data.size.size(zero="",min=1048576):label=Size:align=right)
2023-02-17 19:28:55,741 DEBUG    root            Chosen display Format:table[box,title="These components will be installed."](details.display_name:label=Name:align=left,version.version_string:label=Version:align=right,data.size.size(zero="",min=1048576):label=Size:align=right)
2023-02-17 19:28:55,747 INFO     ___FILE_ONLY___ ┌─────────────────────────────────────────────────────────────────────────────┐
2023-02-17 19:28:55,747 INFO     ___FILE_ONLY___ 

2023-02-17 19:28:55,748 INFO     ___FILE_ONLY___ │                     These components will be installed.                     │
2023-02-17 19:28:55,748 INFO     ___FILE_ONLY___ 

2023-02-17 19:28:55,748 INFO     ___FILE_ONLY___ ├─────────────────────────────────────────────────────┬────────────┬──────────┤
2023-02-17 19:28:55,748 INFO     ___FILE_ONLY___ 

2023-02-17 19:28:55,748 INFO     ___FILE_ONLY___ │                         Name                        │  Version   │   Size   │
2023-02-17 19:28:55,748 INFO     ___FILE_ONLY___ 

2023-02-17 19:28:55,748 INFO     ___FILE_ONLY___ ├─────────────────────────────────────────────────────┼────────────┼──────────┤
2023-02-17 19:28:55,748 INFO     ___FILE_ONLY___ 

2023-02-17 19:28:55,748 INFO     ___FILE_ONLY___ │ 
2023-02-17 19:28:55,748 INFO     ___FILE_ONLY___ BigQuery Command Line Tool                         
2023-02-17 19:28:55,749 INFO     ___FILE_ONLY___  
2023-02-17 19:28:55,749 INFO     ___FILE_ONLY___ │ 
2023-02-17 19:28:55,749 INFO     ___FILE_ONLY___     2.0.85
2023-02-17 19:28:55,749 INFO     ___FILE_ONLY___  
2023-02-17 19:28:55,749 INFO     ___FILE_ONLY___ │ 
2023-02-17 19:28:55,749 INFO     ___FILE_ONLY___  1.6 MiB
2023-02-17 19:28:55,749 INFO     ___FILE_ONLY___  
2023-02-17 19:28:55,749 INFO     ___FILE_ONLY___ │
2023-02-17 19:28:55,749 INFO     ___FILE_ONLY___ 

2023-02-17 19:28:55,749 INFO     ___FILE_ONLY___ │ 
2023-02-17 19:28:55,749 INFO     ___FILE_ONLY___ BigQuery Command Line Tool (Platform Specific)     
2023-02-17 19:28:55,750 INFO     ___FILE_ONLY___  
2023-02-17 19:28:55,750 INFO     ___FILE_ONLY___ │ 
2023-02-17 19:28:55,750 INFO     ___FILE_ONLY___     2.0.77
2023-02-17 19:28:55,750 INFO     ___FILE_ONLY___  
2023-02-17 19:28:55,750 INFO     ___FILE_ONLY___ │ 
2023-02-17 19:28:55,750 INFO     ___FILE_ONLY___  < 1 MiB
2023-02-17 19:28:55,750 INFO     ___FILE_ONLY___  
2023-02-17 19:28:55,750 INFO     ___FILE_ONLY___ │
2023-02-17 19:28:55,750 INFO     ___FILE_ONLY___ 

2023-02-17 19:28:55,750 INFO     ___FILE_ONLY___ │ 
2023-02-17 19:28:55,750 INFO     ___FILE_ONLY___ Bundled Python 3.9                                 
2023-02-17 19:28:55,750 INFO     ___FILE_ONLY___  
2023-02-17 19:28:55,751 INFO     ___FILE_ONLY___ │ 
2023-02-17 19:28:55,751 INFO     ___FILE_ONLY___     3.9.16
2023-02-17 19:28:55,751 INFO     ___FILE_ONLY___  
2023-02-17 19:28:55,751 INFO     ___FILE_ONLY___ │ 
2023-02-17 19:28:55,751 INFO     ___FILE_ONLY___ 63.4 MiB
2023-02-17 19:28:55,751 INFO     ___FILE_ONLY___  
2023-02-17 19:28:55,751 INFO     ___FILE_ONLY___ │
2023-02-17 19:28:55,751 INFO     ___FILE_ONLY___ 

2023-02-17 19:28:55,751 INFO     ___FILE_ONLY___ │ 
2023-02-17 19:28:55,751 INFO     ___FILE_ONLY___ Cloud Storage Command Line Tool                    
2023-02-17 19:28:55,751 INFO     ___FILE_ONLY___  
2023-02-17 19:28:55,751 INFO     ___FILE_ONLY___ │ 
2023-02-17 19:28:55,751 INFO     ___FILE_ONLY___       5.20
2023-02-17 19:28:55,751 INFO     ___FILE_ONLY___  
2023-02-17 19:28:55,752 INFO     ___FILE_ONLY___ │ 
2023-02-17 19:28:55,752 INFO     ___FILE_ONLY___ 15.6 MiB
2023-02-17 19:28:55,752 INFO     ___FILE_ONLY___  
2023-02-17 19:28:55,752 INFO     ___FILE_ONLY___ │
2023-02-17 19:28:55,752 INFO     ___FILE_ONLY___ 

2023-02-17 19:28:55,752 INFO     ___FILE_ONLY___ │ 
2023-02-17 19:28:55,752 INFO     ___FILE_ONLY___ Cloud Storage Command Line Tool (Platform Specific)
2023-02-17 19:28:55,752 INFO     ___FILE_ONLY___  
2023-02-17 19:28:55,752 INFO     ___FILE_ONLY___ │ 
2023-02-17 19:28:55,752 INFO     ___FILE_ONLY___       5.13
2023-02-17 19:28:55,752 INFO     ___FILE_ONLY___  
2023-02-17 19:28:55,752 INFO     ___FILE_ONLY___ │ 
2023-02-17 19:28:55,752 INFO     ___FILE_ONLY___  < 1 MiB
2023-02-17 19:28:55,753 INFO     ___FILE_ONLY___  
2023-02-17 19:28:55,753 INFO     ___FILE_ONLY___ │
2023-02-17 19:28:55,753 INFO     ___FILE_ONLY___ 

2023-02-17 19:28:55,753 INFO     ___FILE_ONLY___ │ 
2023-02-17 19:28:55,753 INFO     ___FILE_ONLY___ Google Cloud CLI Core Libraries (Platform Specific)
2023-02-17 19:28:55,753 INFO     ___FILE_ONLY___  
2023-02-17 19:28:55,753 INFO     ___FILE_ONLY___ │ 
2023-02-17 19:28:55,753 INFO     ___FILE_ONLY___ 2022.09.20
2023-02-17 19:28:55,753 INFO     ___FILE_ONLY___  
2023-02-17 19:28:55,753 INFO     ___FILE_ONLY___ │ 
2023-02-17 19:28:55,753 INFO     ___FILE_ONLY___  < 1 MiB
2023-02-17 19:28:55,753 INFO     ___FILE_ONLY___  
2023-02-17 19:28:55,754 INFO     ___FILE_ONLY___ │
2023-02-17 19:28:55,754 INFO     ___FILE_ONLY___ 

2023-02-17 19:28:55,754 INFO     ___FILE_ONLY___ │ 
2023-02-17 19:28:55,754 INFO     ___FILE_ONLY___ Google Cloud CRC32C Hash Tool                      
2023-02-17 19:28:55,754 INFO     ___FILE_ONLY___  
2023-02-17 19:28:55,754 INFO     ___FILE_ONLY___ │ 
2023-02-17 19:28:55,754 INFO     ___FILE_ONLY___      1.0.0
2023-02-17 19:28:55,754 INFO     ___FILE_ONLY___  
2023-02-17 19:28:55,754 INFO     ___FILE_ONLY___ │ 
2023-02-17 19:28:55,754 INFO     ___FILE_ONLY___  1.2 MiB
2023-02-17 19:28:55,754 INFO     ___FILE_ONLY___  
2023-02-17 19:28:55,754 INFO     ___FILE_ONLY___ │
2023-02-17 19:28:55,754 INFO     ___FILE_ONLY___ 

2023-02-17 19:28:55,754 INFO     ___FILE_ONLY___ │ 
2023-02-17 19:28:55,755 INFO     ___FILE_ONLY___ anthoscli                                          
2023-02-17 19:28:55,755 INFO     ___FILE_ONLY___  
2023-02-17 19:28:55,755 INFO     ___FILE_ONLY___ │ 
2023-02-17 19:28:55,755 INFO     ___FILE_ONLY___     0.2.35
2023-02-17 19:28:55,755 INFO     ___FILE_ONLY___  
2023-02-17 19:28:55,755 INFO     ___FILE_ONLY___ │ 
2023-02-17 19:28:55,755 INFO     ___FILE_ONLY___ 68.6 MiB
2023-02-17 19:28:55,755 INFO     ___FILE_ONLY___  
2023-02-17 19:28:55,755 INFO     ___FILE_ONLY___ │
2023-02-17 19:28:55,755 INFO     ___FILE_ONLY___ 

2023-02-17 19:28:55,755 INFO     ___FILE_ONLY___ │ 
2023-02-17 19:28:55,755 INFO     ___FILE_ONLY___ gcloud cli dependencies                            
2023-02-17 19:28:55,755 INFO     ___FILE_ONLY___  
2023-02-17 19:28:55,756 INFO     ___FILE_ONLY___ │ 
2023-02-17 19:28:55,756 INFO     ___FILE_ONLY___ 2021.04.16
2023-02-17 19:28:55,756 INFO     ___FILE_ONLY___  
2023-02-17 19:28:55,756 INFO     ___FILE_ONLY___ │ 
2023-02-17 19:28:55,756 INFO     ___FILE_ONLY___  < 1 MiB
2023-02-17 19:28:55,756 INFO     ___FILE_ONLY___  
2023-02-17 19:28:55,756 INFO     ___FILE_ONLY___ │
2023-02-17 19:28:55,756 INFO     ___FILE_ONLY___ 

2023-02-17 19:28:55,756 INFO     ___FILE_ONLY___ └─────────────────────────────────────────────────────┴────────────┴──────────┘
2023-02-17 19:28:55,756 INFO     ___FILE_ONLY___ 

2023-02-17 19:28:55,756 INFO     ___FILE_ONLY___ 

2023-02-17 19:28:55,759 DEBUG    urllib3.connectionpool Starting new HTTPS connection (1): dl.google.com:443
2023-02-17 19:28:55,793 DEBUG    urllib3.connectionpool https://dl.google.com:443 "GET /dl/cloudsdk/channels/rapid/RELEASE_NOTES HTTP/1.1" 200 951663
2023-02-17 19:28:55,865 INFO     ___FILE_ONLY___ For the latest full release notes, please visit:
  https://cloud.google.com/sdk/release_notes


2023-02-17 19:28:55,871 INFO     ___FILE_ONLY___ ╔════════════════════════════════════════════════════════════╗

2023-02-17 19:28:55,872 INFO     ___FILE_ONLY___ ╠═ Creating update staging area                             ═╣

2023-02-17 19:28:55,872 INFO     ___FILE_ONLY___ ╚
2023-02-17 19:28:55,872 INFO     ___FILE_ONLY___ ══════
2023-02-17 19:28:55,872 INFO     ___FILE_ONLY___ ══════
2023-02-17 19:28:55,872 INFO     ___FILE_ONLY___ ══════
2023-02-17 19:28:56,017 INFO     ___FILE_ONLY___ ═
2023-02-17 19:28:56,072 INFO     ___FILE_ONLY___ ═
2023-02-17 19:28:56,122 INFO     ___FILE_ONLY___ ═
2023-02-17 19:28:56,172 INFO     ___FILE_ONLY___ ═
2023-02-17 19:28:56,232 INFO     ___FILE_ONLY___ ═
2023-02-17 19:28:56,299 INFO     ___FILE_ONLY___ ═
2023-02-17 19:28:56,352 INFO     ___FILE_ONLY___ ═
2023-02-17 19:28:56,403 INFO     ___FILE_ONLY___ ═
2023-02-17 19:28:56,451 INFO     ___FILE_ONLY___ ═
2023-02-17 19:28:56,510 INFO     ___FILE_ONLY___ ═
2023-02-17 19:28:56,566 INFO     ___FILE_ONLY___ ═
2023-02-17 19:28:56,626 INFO     ___FILE_ONLY___ ═
2023-02-17 19:28:56,685 INFO     ___FILE_ONLY___ ═
2023-02-17 19:28:56,738 INFO     ___FILE_ONLY___ ═
2023-02-17 19:28:56,795 INFO     ___FILE_ONLY___ ═
2023-02-17 19:28:56,872 INFO     ___FILE_ONLY___ ═
2023-02-17 19:28:56,932 INFO     ___FILE_ONLY___ ═
2023-02-17 19:28:57,003 INFO     ___FILE_ONLY___ ═
2023-02-17 19:28:57,033 INFO     ___FILE_ONLY___ ═
2023-02-17 19:28:57,060 INFO     ___FILE_ONLY___ ═
2023-02-17 19:28:57,096 INFO     ___FILE_ONLY___ ═
2023-02-17 19:28:57,128 INFO     ___FILE_ONLY___ ═
2023-02-17 19:28:57,155 INFO     ___FILE_ONLY___ ═
2023-02-17 19:28:57,185 INFO     ___FILE_ONLY___ ═
2023-02-17 19:28:57,310 INFO     ___FILE_ONLY___ ═
2023-02-17 19:28:57,356 INFO     ___FILE_ONLY___ ═
2023-02-17 19:28:57,522 INFO     ___FILE_ONLY___ ═
2023-02-17 19:28:57,610 INFO     ___FILE_ONLY___ ═
2023-02-17 19:28:57,649 INFO     ___FILE_ONLY___ ═
2023-02-17 19:28:57,695 INFO     ___FILE_ONLY___ ═
2023-02-17 19:28:57,748 INFO     ___FILE_ONLY___ ═
2023-02-17 19:28:57,800 INFO     ___FILE_ONLY___ ═
2023-02-17 19:28:57,850 INFO     ___FILE_ONLY___ ═
2023-02-17 19:28:57,909 INFO     ___FILE_ONLY___ ═
2023-02-17 19:28:57,990 INFO     ___FILE_ONLY___ ═
2023-02-17 19:28:58,050 INFO     ___FILE_ONLY___ ═
2023-02-17 19:28:58,104 INFO     ___FILE_ONLY___ ═
2023-02-17 19:28:58,173 INFO     ___FILE_ONLY___ ═
2023-02-17 19:28:58,233 INFO     ___FILE_ONLY___ ═
2023-02-17 19:28:58,299 INFO     ___FILE_ONLY___ ═
2023-02-17 19:28:58,428 INFO     ___FILE_ONLY___ ═
2023-02-17 19:28:58,477 INFO     ___FILE_ONLY___ ═
2023-02-17 19:28:58,477 INFO     ___FILE_ONLY___ ╝

2023-02-17 19:28:58,676 INFO     ___FILE_ONLY___ ╔════════════════════════════════════════════════════════════╗

2023-02-17 19:28:58,677 INFO     ___FILE_ONLY___ ╠═ Installing: BigQuery Command Line Tool                   ═╣

2023-02-17 19:28:58,677 INFO     ___FILE_ONLY___ ╚
2023-02-17 19:28:58,681 DEBUG    urllib3.connectionpool Starting new HTTPS connection (1): dl.google.com:443
2023-02-17 19:28:58,775 DEBUG    urllib3.connectionpool https://dl.google.com:443 "GET /dl/cloudsdk/channels/rapid/components/google-cloud-sdk-bq-20230213205029.tar.gz HTTP/1.1" 200 1698542
2023-02-17 19:28:58,841 INFO     ___FILE_ONLY___ ═
2023-02-17 19:28:58,841 INFO     ___FILE_ONLY___ ═
2023-02-17 19:28:58,841 INFO     ___FILE_ONLY___ ═
2023-02-17 19:28:58,841 INFO     ___FILE_ONLY___ ═
2023-02-17 19:28:58,841 INFO     ___FILE_ONLY___ ═
2023-02-17 19:28:58,842 INFO     ___FILE_ONLY___ ═
2023-02-17 19:28:58,842 INFO     ___FILE_ONLY___ ═
2023-02-17 19:28:58,842 INFO     ___FILE_ONLY___ ═
2023-02-17 19:28:58,842 INFO     ___FILE_ONLY___ ═
2023-02-17 19:28:58,842 INFO     ___FILE_ONLY___ ═
2023-02-17 19:28:58,843 INFO     ___FILE_ONLY___ ═
2023-02-17 19:28:58,843 INFO     ___FILE_ONLY___ ═
2023-02-17 19:28:58,843 INFO     ___FILE_ONLY___ ═
2023-02-17 19:28:58,843 INFO     ___FILE_ONLY___ ═
2023-02-17 19:28:58,843 INFO     ___FILE_ONLY___ ═
2023-02-17 19:28:58,844 INFO     ___FILE_ONLY___ ═
2023-02-17 19:28:58,844 INFO     ___FILE_ONLY___ ═
2023-02-17 19:28:58,844 INFO     ___FILE_ONLY___ ═
2023-02-17 19:28:58,844 INFO     ___FILE_ONLY___ ═
2023-02-17 19:28:58,845 INFO     ___FILE_ONLY___ ═
2023-02-17 19:28:58,845 INFO     ___FILE_ONLY___ ═
2023-02-17 19:28:58,845 INFO     ___FILE_ONLY___ ═
2023-02-17 19:28:58,845 INFO     ___FILE_ONLY___ ═
2023-02-17 19:28:58,845 INFO     ___FILE_ONLY___ ═
2023-02-17 19:28:58,846 INFO     ___FILE_ONLY___ ═
2023-02-17 19:28:58,846 INFO     ___FILE_ONLY___ ═
2023-02-17 19:28:58,846 INFO     ___FILE_ONLY___ ═
2023-02-17 19:28:58,846 INFO     ___FILE_ONLY___ ═
2023-02-17 19:28:58,846 INFO     ___FILE_ONLY___ ═
2023-02-17 19:28:58,847 INFO     ___FILE_ONLY___ ═
2023-02-17 19:28:58,960 INFO     ___FILE_ONLY___ ═
2023-02-17 19:28:58,964 INFO     ___FILE_ONLY___ ═
2023-02-17 19:28:58,968 INFO     ___FILE_ONLY___ ═
2023-02-17 19:28:58,975 INFO     ___FILE_ONLY___ ═
2023-02-17 19:28:58,979 INFO     ___FILE_ONLY___ ═
2023-02-17 19:28:58,983 INFO     ___FILE_ONLY___ ═
2023-02-17 19:28:58,986 INFO     ___FILE_ONLY___ ═
2023-02-17 19:28:58,990 INFO     ___FILE_ONLY___ ═
2023-02-17 19:28:58,994 INFO     ___FILE_ONLY___ ═
2023-02-17 19:28:58,998 INFO     ___FILE_ONLY___ ═
2023-02-17 19:28:59,003 INFO     ___FILE_ONLY___ ═
2023-02-17 19:28:59,006 INFO     ___FILE_ONLY___ ═
2023-02-17 19:28:59,012 INFO     ___FILE_ONLY___ ═
2023-02-17 19:28:59,017 INFO     ___FILE_ONLY___ ═
2023-02-17 19:28:59,022 INFO     ___FILE_ONLY___ ═
2023-02-17 19:28:59,026 INFO     ___FILE_ONLY___ ═
2023-02-17 19:28:59,030 INFO     ___FILE_ONLY___ ═
2023-02-17 19:28:59,034 INFO     ___FILE_ONLY___ ═
2023-02-17 19:28:59,037 INFO     ___FILE_ONLY___ ═
2023-02-17 19:28:59,042 INFO     ___FILE_ONLY___ ═
2023-02-17 19:28:59,047 INFO     ___FILE_ONLY___ ═
2023-02-17 19:28:59,051 INFO     ___FILE_ONLY___ ═
2023-02-17 19:28:59,055 INFO     ___FILE_ONLY___ ═
2023-02-17 19:28:59,059 INFO     ___FILE_ONLY___ ═
2023-02-17 19:28:59,063 INFO     ___FILE_ONLY___ ═
2023-02-17 19:28:59,067 INFO     ___FILE_ONLY___ ═
2023-02-17 19:28:59,071 INFO     ___FILE_ONLY___ ═
2023-02-17 19:28:59,075 INFO     ___FILE_ONLY___ ═
2023-02-17 19:28:59,079 INFO     ___FILE_ONLY___ ═
2023-02-17 19:28:59,083 INFO     ___FILE_ONLY___ ═
2023-02-17 19:28:59,083 INFO     ___FILE_ONLY___ ╝

2023-02-17 19:28:59,100 INFO     ___FILE_ONLY___ ╔════════════════════════════════════════════════════════════╗

2023-02-17 19:28:59,100 INFO     ___FILE_ONLY___ ╠═ Installing: BigQuery Command Line Tool (Platform Spec... ═╣

2023-02-17 19:28:59,100 INFO     ___FILE_ONLY___ ╚
2023-02-17 19:28:59,104 DEBUG    urllib3.connectionpool Starting new HTTPS connection (1): dl.google.com:443
2023-02-17 19:28:59,190 DEBUG    urllib3.connectionpool https://dl.google.com:443 "GET /dl/cloudsdk/channels/rapid/components/google-cloud-sdk-bq-nix-20220920185015.tar.gz HTTP/1.1" 200 1837
2023-02-17 19:28:59,191 INFO     ___FILE_ONLY___ ══════════════════════════════
2023-02-17 19:28:59,192 INFO     ___FILE_ONLY___ ══════════════════════════════
2023-02-17 19:28:59,192 INFO     ___FILE_ONLY___ ╝

2023-02-17 19:28:59,204 INFO     ___FILE_ONLY___ ╔════════════════════════════════════════════════════════════╗

2023-02-17 19:28:59,205 INFO     ___FILE_ONLY___ ╠═ Installing: Bundled Python 3.9                           ═╣

2023-02-17 19:28:59,205 INFO     ___FILE_ONLY___ ╚
2023-02-17 19:28:59,209 DEBUG    urllib3.connectionpool Starting new HTTPS connection (1): dl.google.com:443
2023-02-17 19:28:59,302 DEBUG    urllib3.connectionpool https://dl.google.com:443 "GET /dl/cloudsdk/channels/rapid/components/google-cloud-sdk-bundled-python3-unix-linux-x86_64-20230113144351.tar.gz HTTP/1.1" 200 66435937
2023-02-17 19:28:59,786 INFO     ___FILE_ONLY___ ═
2023-02-17 19:28:59,789 INFO     ___FILE_ONLY___ ═
2023-02-17 19:28:59,791 INFO     ___FILE_ONLY___ ═
2023-02-17 19:28:59,794 INFO     ___FILE_ONLY___ ═
2023-02-17 19:28:59,797 INFO     ___FILE_ONLY___ ═
2023-02-17 19:28:59,800 INFO     ___FILE_ONLY___ ═
2023-02-17 19:28:59,803 INFO     ___FILE_ONLY___ ═
2023-02-17 19:28:59,806 INFO     ___FILE_ONLY___ ═
2023-02-17 19:28:59,808 INFO     ___FILE_ONLY___ ═
2023-02-17 19:28:59,811 INFO     ___FILE_ONLY___ ═
2023-02-17 19:28:59,814 INFO     ___FILE_ONLY___ ═
2023-02-17 19:28:59,817 INFO     ___FILE_ONLY___ ═
2023-02-17 19:28:59,820 INFO     ___FILE_ONLY___ ═
2023-02-17 19:28:59,822 INFO     ___FILE_ONLY___ ═
2023-02-17 19:28:59,825 INFO     ___FILE_ONLY___ ═
2023-02-17 19:28:59,828 INFO     ___FILE_ONLY___ ═
2023-02-17 19:28:59,831 INFO     ___FILE_ONLY___ ═
2023-02-17 19:28:59,833 INFO     ___FILE_ONLY___ ═
2023-02-17 19:28:59,836 INFO     ___FILE_ONLY___ ═
2023-02-17 19:28:59,839 INFO     ___FILE_ONLY___ ═
2023-02-17 19:28:59,842 INFO     ___FILE_ONLY___ ═
2023-02-17 19:28:59,844 INFO     ___FILE_ONLY___ ═
2023-02-17 19:28:59,847 INFO     ___FILE_ONLY___ ═
2023-02-17 19:28:59,850 INFO     ___FILE_ONLY___ ═
2023-02-17 19:28:59,853 INFO     ___FILE_ONLY___ ═
2023-02-17 19:28:59,855 INFO     ___FILE_ONLY___ ═
2023-02-17 19:28:59,858 INFO     ___FILE_ONLY___ ═
2023-02-17 19:28:59,861 INFO     ___FILE_ONLY___ ═
2023-02-17 19:28:59,864 INFO     ___FILE_ONLY___ ═
2023-02-17 19:28:59,867 INFO     ___FILE_ONLY___ ═
2023-02-17 19:29:01,759 INFO     ___FILE_ONLY___ ═
2023-02-17 19:29:01,771 INFO     ___FILE_ONLY___ ═
2023-02-17 19:29:01,787 INFO     ___FILE_ONLY___ ═
2023-02-17 19:29:01,801 INFO     ___FILE_ONLY___ ═
2023-02-17 19:29:01,820 INFO     ___FILE_ONLY___ ═
2023-02-17 19:29:01,838 INFO     ___FILE_ONLY___ ═
2023-02-17 19:29:01,856 INFO     ___FILE_ONLY___ ═
2023-02-17 19:29:01,879 INFO     ___FILE_ONLY___ ═
2023-02-17 19:29:01,895 INFO     ___FILE_ONLY___ ═
2023-02-17 19:29:01,911 INFO     ___FILE_ONLY___ ═
2023-02-17 19:29:01,930 INFO     ___FILE_ONLY___ ═
2023-02-17 19:29:01,949 INFO     ___FILE_ONLY___ ═
2023-02-17 19:29:02,066 INFO     ___FILE_ONLY___ ═
2023-02-17 19:29:02,082 INFO     ___FILE_ONLY___ ═
2023-02-17 19:29:02,129 INFO     ___FILE_ONLY___ ═
2023-02-17 19:29:02,196 INFO     ___FILE_ONLY___ ═
2023-02-17 19:29:02,220 INFO     ___FILE_ONLY___ ═
2023-02-17 19:29:02,241 INFO     ___FILE_ONLY___ ═
2023-02-17 19:29:02,260 INFO     ___FILE_ONLY___ ═
2023-02-17 19:29:02,299 INFO     ___FILE_ONLY___ ═
2023-02-17 19:29:02,314 INFO     ___FILE_ONLY___ ═
2023-02-17 19:29:02,328 INFO     ___FILE_ONLY___ ═
2023-02-17 19:29:02,343 INFO     ___FILE_ONLY___ ═
2023-02-17 19:29:02,362 INFO     ___FILE_ONLY___ ═
2023-02-17 19:29:02,381 INFO     ___FILE_ONLY___ ═
2023-02-17 19:29:02,400 INFO     ___FILE_ONLY___ ═
2023-02-17 19:29:03,034 INFO     ___FILE_ONLY___ ═
2023-02-17 19:29:03,324 INFO     ___FILE_ONLY___ ═
2023-02-17 19:29:03,335 INFO     ___FILE_ONLY___ ═
2023-02-17 19:29:03,347 INFO     ___FILE_ONLY___ ═
2023-02-17 19:29:03,347 INFO     ___FILE_ONLY___ ╝

2023-02-17 19:29:03,399 INFO     ___FILE_ONLY___ ╔════════════════════════════════════════════════════════════╗

2023-02-17 19:29:03,399 INFO     ___FILE_ONLY___ ╠═ Installing: Bundled Python 3.9                           ═╣

2023-02-17 19:29:03,399 INFO     ___FILE_ONLY___ ╚
2023-02-17 19:29:03,404 INFO     ___FILE_ONLY___ ════════════════════════════════════════════════════════════
2023-02-17 19:29:03,404 INFO     ___FILE_ONLY___ ╝

2023-02-17 19:29:03,410 INFO     ___FILE_ONLY___ ╔════════════════════════════════════════════════════════════╗

2023-02-17 19:29:03,410 INFO     ___FILE_ONLY___ ╠═ Installing: Cloud Storage Command Line Tool              ═╣

2023-02-17 19:29:03,410 INFO     ___FILE_ONLY___ ╚
2023-02-17 19:29:03,415 DEBUG    urllib3.connectionpool Starting new HTTPS connection (1): dl.google.com:443
2023-02-17 19:29:03,509 DEBUG    urllib3.connectionpool https://dl.google.com:443 "GET /dl/cloudsdk/channels/rapid/components/google-cloud-sdk-gsutil-20230213205029.tar.gz HTTP/1.1" 200 16314481
2023-02-17 19:29:03,681 INFO     ___FILE_ONLY___ ═
2023-02-17 19:29:03,682 INFO     ___FILE_ONLY___ ═
2023-02-17 19:29:03,683 INFO     ___FILE_ONLY___ ═
2023-02-17 19:29:03,684 INFO     ___FILE_ONLY___ ═
2023-02-17 19:29:03,684 INFO     ___FILE_ONLY___ ═
2023-02-17 19:29:03,685 INFO     ___FILE_ONLY___ ═
2023-02-17 19:29:03,686 INFO     ___FILE_ONLY___ ═
2023-02-17 19:29:03,687 INFO     ___FILE_ONLY___ ═
2023-02-17 19:29:03,688 INFO     ___FILE_ONLY___ ═
2023-02-17 19:29:03,688 INFO     ___FILE_ONLY___ ═
2023-02-17 19:29:03,689 INFO     ___FILE_ONLY___ ═
2023-02-17 19:29:03,690 INFO     ___FILE_ONLY___ ═
2023-02-17 19:29:03,691 INFO     ___FILE_ONLY___ ═
2023-02-17 19:29:03,691 INFO     ___FILE_ONLY___ ═
2023-02-17 19:29:03,692 INFO     ___FILE_ONLY___ ═
2023-02-17 19:29:03,693 INFO     ___FILE_ONLY___ ═
2023-02-17 19:29:03,694 INFO     ___FILE_ONLY___ ═
2023-02-17 19:29:03,694 INFO     ___FILE_ONLY___ ═
2023-02-17 19:29:03,695 INFO     ___FILE_ONLY___ ═
2023-02-17 19:29:03,696 INFO     ___FILE_ONLY___ ═
2023-02-17 19:29:03,697 INFO     ___FILE_ONLY___ ═
2023-02-17 19:29:03,697 INFO     ___FILE_ONLY___ ═
2023-02-17 19:29:03,698 INFO     ___FILE_ONLY___ ═
2023-02-17 19:29:03,699 INFO     ___FILE_ONLY___ ═
2023-02-17 19:29:03,700 INFO     ___FILE_ONLY___ ═
2023-02-17 19:29:03,700 INFO     ___FILE_ONLY___ ═
2023-02-17 19:29:03,701 INFO     ___FILE_ONLY___ ═
2023-02-17 19:29:03,702 INFO     ___FILE_ONLY___ ═
2023-02-17 19:29:03,703 INFO     ___FILE_ONLY___ ═
2023-02-17 19:29:03,703 INFO     ___FILE_ONLY___ ═
2023-02-17 19:29:04,808 INFO     ___FILE_ONLY___ ═
2023-02-17 19:29:04,855 INFO     ___FILE_ONLY___ ═
2023-02-17 19:29:04,895 INFO     ___FILE_ONLY___ ═
2023-02-17 19:29:04,930 INFO     ___FILE_ONLY___ ═
2023-02-17 19:29:04,969 INFO     ___FILE_ONLY___ ═
2023-02-17 19:29:05,030 INFO     ___FILE_ONLY___ ═
2023-02-17 19:29:05,084 INFO     ___FILE_ONLY___ ═
2023-02-17 19:29:05,143 INFO     ___FILE_ONLY___ ═
2023-02-17 19:29:05,194 INFO     ___FILE_ONLY___ ═
2023-02-17 19:29:05,230 INFO     ___FILE_ONLY___ ═
2023-02-17 19:29:05,270 INFO     ___FILE_ONLY___ ═
2023-02-17 19:29:05,316 INFO     ___FILE_ONLY___ ═
2023-02-17 19:29:05,366 INFO     ___FILE_ONLY___ ═
2023-02-17 19:29:05,433 INFO     ___FILE_ONLY___ ═
2023-02-17 19:29:05,481 INFO     ___FILE_ONLY___ ═
2023-02-17 19:29:05,517 INFO     ___FILE_ONLY___ ═
2023-02-17 19:29:05,557 INFO     ___FILE_ONLY___ ═
2023-02-17 19:29:05,595 INFO     ___FILE_ONLY___ ═
2023-02-17 19:29:05,632 INFO     ___FILE_ONLY___ ═
2023-02-17 19:29:05,674 INFO     ___FILE_ONLY___ ═
2023-02-17 19:29:05,717 INFO     ___FILE_ONLY___ ═
2023-02-17 19:29:05,759 INFO     ___FILE_ONLY___ ═
2023-02-17 19:29:05,810 INFO     ___FILE_ONLY___ ═
2023-02-17 19:29:05,853 INFO     ___FILE_ONLY___ ═
2023-02-17 19:29:05,900 INFO     ___FILE_ONLY___ ═
2023-02-17 19:29:05,949 INFO     ___FILE_ONLY___ ═
2023-02-17 19:29:05,987 INFO     ___FILE_ONLY___ ═
2023-02-17 19:29:06,022 INFO     ___FILE_ONLY___ ═
2023-02-17 19:29:06,058 INFO     ___FILE_ONLY___ ═
2023-02-17 19:29:06,109 INFO     ___FILE_ONLY___ ═
2023-02-17 19:29:06,109 INFO     ___FILE_ONLY___ ╝

2023-02-17 19:29:06,201 INFO     ___FILE_ONLY___ ╔════════════════════════════════════════════════════════════╗

2023-02-17 19:29:06,201 INFO     ___FILE_ONLY___ ╠═ Installing: Cloud Storage Command Line Tool (Platform... ═╣

2023-02-17 19:29:06,201 INFO     ___FILE_ONLY___ ╚
2023-02-17 19:29:06,206 DEBUG    urllib3.connectionpool Starting new HTTPS connection (1): dl.google.com:443
2023-02-17 19:29:06,294 DEBUG    urllib3.connectionpool https://dl.google.com:443 "GET /dl/cloudsdk/channels/rapid/components/google-cloud-sdk-gsutil-nix-20220920185015.tar.gz HTTP/1.1" 200 1851
2023-02-17 19:29:06,295 INFO     ___FILE_ONLY___ ══════════════════════════════
2023-02-17 19:29:06,296 INFO     ___FILE_ONLY___ ══════════════════════════════
2023-02-17 19:29:06,296 INFO     ___FILE_ONLY___ ╝

2023-02-17 19:29:06,362 INFO     ___FILE_ONLY___ ╔════════════════════════════════════════════════════════════╗

2023-02-17 19:29:06,362 INFO     ___FILE_ONLY___ ╠═ Installing: Default set of gcloud commands               ═╣

2023-02-17 19:29:06,362 INFO     ___FILE_ONLY___ ╚
2023-02-17 19:29:06,367 INFO     ___FILE_ONLY___ ════════════════════════════════════════════════════════════
2023-02-17 19:29:06,368 INFO     ___FILE_ONLY___ ╝

2023-02-17 19:29:06,374 INFO     ___FILE_ONLY___ ╔════════════════════════════════════════════════════════════╗

2023-02-17 19:29:06,374 INFO     ___FILE_ONLY___ ╠═ Installing: Google Cloud CLI Core Libraries (Platform... ═╣

2023-02-17 19:29:06,374 INFO     ___FILE_ONLY___ ╚
2023-02-17 19:29:06,378 DEBUG    urllib3.connectionpool Starting new HTTPS connection (1): dl.google.com:443
2023-02-17 19:29:06,409 DEBUG    urllib3.connectionpool https://dl.google.com:443 "GET /dl/cloudsdk/channels/rapid/components/google-cloud-sdk-core-nix-20220920185015.tar.gz HTTP/1.1" 200 2221
2023-02-17 19:29:06,411 INFO     ___FILE_ONLY___ ══════════════════════════════
2023-02-17 19:29:06,412 INFO     ___FILE_ONLY___ ═══════════════
2023-02-17 19:29:06,413 INFO     ___FILE_ONLY___ ═══════════════
2023-02-17 19:29:06,413 INFO     ___FILE_ONLY___ ╝

2023-02-17 19:29:06,426 INFO     ___FILE_ONLY___ ╔════════════════════════════════════════════════════════════╗

2023-02-17 19:29:06,427 INFO     ___FILE_ONLY___ ╠═ Installing: Google Cloud CRC32C Hash Tool                ═╣

2023-02-17 19:29:06,427 INFO     ___FILE_ONLY___ ╚
2023-02-17 19:29:06,431 DEBUG    urllib3.connectionpool Starting new HTTPS connection (1): dl.google.com:443
2023-02-17 19:29:06,465 DEBUG    urllib3.connectionpool https://dl.google.com:443 "GET /dl/cloudsdk/channels/rapid/components/google-cloud-sdk-gcloud-crc32c-linux-x86_64-20221205224721.tar.gz HTTP/1.1" 200 1235322
2023-02-17 19:29:06,525 INFO     ___FILE_ONLY___ ═
2023-02-17 19:29:06,525 INFO     ___FILE_ONLY___ ═
2023-02-17 19:29:06,526 INFO     ___FILE_ONLY___ ═
2023-02-17 19:29:06,526 INFO     ___FILE_ONLY___ ═
2023-02-17 19:29:06,526 INFO     ___FILE_ONLY___ ═
2023-02-17 19:29:06,526 INFO     ___FILE_ONLY___ ═
2023-02-17 19:29:06,526 INFO     ___FILE_ONLY___ ═
2023-02-17 19:29:06,526 INFO     ___FILE_ONLY___ ═
2023-02-17 19:29:06,526 INFO     ___FILE_ONLY___ ═
2023-02-17 19:29:06,526 INFO     ___FILE_ONLY___ ═
2023-02-17 19:29:06,527 INFO     ___FILE_ONLY___ ═
2023-02-17 19:29:06,527 INFO     ___FILE_ONLY___ ═
2023-02-17 19:29:06,527 INFO     ___FILE_ONLY___ ═
2023-02-17 19:29:06,527 INFO     ___FILE_ONLY___ ═
2023-02-17 19:29:06,527 INFO     ___FILE_ONLY___ ═
2023-02-17 19:29:06,527 INFO     ___FILE_ONLY___ ═
2023-02-17 19:29:06,527 INFO     ___FILE_ONLY___ ═
2023-02-17 19:29:06,527 INFO     ___FILE_ONLY___ ═
2023-02-17 19:29:06,528 INFO     ___FILE_ONLY___ ═
2023-02-17 19:29:06,528 INFO     ___FILE_ONLY___ ═
2023-02-17 19:29:06,528 INFO     ___FILE_ONLY___ ═
2023-02-17 19:29:06,528 INFO     ___FILE_ONLY___ ═
2023-02-17 19:29:06,528 INFO     ___FILE_ONLY___ ═
2023-02-17 19:29:06,528 INFO     ___FILE_ONLY___ ═
2023-02-17 19:29:06,528 INFO     ___FILE_ONLY___ ═
2023-02-17 19:29:06,528 INFO     ___FILE_ONLY___ ═
2023-02-17 19:29:06,529 INFO     ___FILE_ONLY___ ═
2023-02-17 19:29:06,529 INFO     ___FILE_ONLY___ ═
2023-02-17 19:29:06,529 INFO     ___FILE_ONLY___ ═
2023-02-17 19:29:06,529 INFO     ___FILE_ONLY___ ═
2023-02-17 19:29:06,563 INFO     ___FILE_ONLY___ ═══════════════
2023-02-17 19:29:06,564 INFO     ___FILE_ONLY___ ═══════════════
2023-02-17 19:29:06,564 INFO     ___FILE_ONLY___ ╝

2023-02-17 19:29:06,577 INFO     ___FILE_ONLY___ ╔════════════════════════════════════════════════════════════╗

2023-02-17 19:29:06,577 INFO     ___FILE_ONLY___ ╠═ Installing: Google Cloud CRC32C Hash Tool                ═╣

2023-02-17 19:29:06,577 INFO     ___FILE_ONLY___ ╚
2023-02-17 19:29:06,583 INFO     ___FILE_ONLY___ ════════════════════════════════════════════════════════════
2023-02-17 19:29:06,583 INFO     ___FILE_ONLY___ ╝

2023-02-17 19:29:06,589 INFO     ___FILE_ONLY___ ╔════════════════════════════════════════════════════════════╗

2023-02-17 19:29:06,589 INFO     ___FILE_ONLY___ ╠═ Installing: anthoscli                                    ═╣

2023-02-17 19:29:06,589 INFO     ___FILE_ONLY___ ╚
2023-02-17 19:29:06,595 INFO     ___FILE_ONLY___ ════════════════════════════════════════════════════════════
2023-02-17 19:29:06,595 INFO     ___FILE_ONLY___ ╝

2023-02-17 19:29:06,601 INFO     ___FILE_ONLY___ ╔════════════════════════════════════════════════════════════╗

2023-02-17 19:29:06,601 INFO     ___FILE_ONLY___ ╠═ Installing: anthoscli                                    ═╣

2023-02-17 19:29:06,601 INFO     ___FILE_ONLY___ ╚
2023-02-17 19:29:06,605 DEBUG    urllib3.connectionpool Starting new HTTPS connection (1): dl.google.com:443
2023-02-17 19:29:06,644 DEBUG    urllib3.connectionpool https://dl.google.com:443 "GET /dl/cloudsdk/channels/rapid/components/google-cloud-sdk-anthoscli-linux-x86_64-20230213205029.tar.gz HTTP/1.1" 200 71957154
2023-02-17 19:29:07,203 INFO     ___FILE_ONLY___ ═
2023-02-17 19:29:07,206 INFO     ___FILE_ONLY___ ═
2023-02-17 19:29:07,209 INFO     ___FILE_ONLY___ ═
2023-02-17 19:29:07,212 INFO     ___FILE_ONLY___ ═
2023-02-17 19:29:07,215 INFO     ___FILE_ONLY___ ═
2023-02-17 19:29:07,219 INFO     ___FILE_ONLY___ ═
2023-02-17 19:29:07,222 INFO     ___FILE_ONLY___ ═
2023-02-17 19:29:07,225 INFO     ___FILE_ONLY___ ═
2023-02-17 19:29:07,228 INFO     ___FILE_ONLY___ ═
2023-02-17 19:29:07,231 INFO     ___FILE_ONLY___ ═
2023-02-17 19:29:07,234 INFO     ___FILE_ONLY___ ═
2023-02-17 19:29:07,237 INFO     ___FILE_ONLY___ ═
2023-02-17 19:29:07,240 INFO     ___FILE_ONLY___ ═
2023-02-17 19:29:07,243 INFO     ___FILE_ONLY___ ═
2023-02-17 19:29:07,246 INFO     ___FILE_ONLY___ ═
2023-02-17 19:29:07,249 INFO     ___FILE_ONLY___ ═
2023-02-17 19:29:07,252 INFO     ___FILE_ONLY___ ═
2023-02-17 19:29:07,255 INFO     ___FILE_ONLY___ ═
2023-02-17 19:29:07,258 INFO     ___FILE_ONLY___ ═
2023-02-17 19:29:07,261 INFO     ___FILE_ONLY___ ═
2023-02-17 19:29:07,264 INFO     ___FILE_ONLY___ ═
2023-02-17 19:29:07,267 INFO     ___FILE_ONLY___ ═
2023-02-17 19:29:07,270 INFO     ___FILE_ONLY___ ═
2023-02-17 19:29:07,273 INFO     ___FILE_ONLY___ ═
2023-02-17 19:29:07,276 INFO     ___FILE_ONLY___ ═
2023-02-17 19:29:07,279 INFO     ___FILE_ONLY___ ═
2023-02-17 19:29:07,282 INFO     ___FILE_ONLY___ ═
2023-02-17 19:29:07,285 INFO     ___FILE_ONLY___ ═
2023-02-17 19:29:07,288 INFO     ___FILE_ONLY___ ═
2023-02-17 19:29:07,292 INFO     ___FILE_ONLY___ ═
2023-02-17 19:29:09,527 INFO     ___FILE_ONLY___ ══════════
2023-02-17 19:29:09,532 INFO     ___FILE_ONLY___ ═════════
2023-02-17 19:29:09,559 INFO     ___FILE_ONLY___ ═══════════
2023-02-17 19:29:09,559 INFO     ___FILE_ONLY___ ╝

2023-02-17 19:29:09,588 INFO     ___FILE_ONLY___ ╔════════════════════════════════════════════════════════════╗

2023-02-17 19:29:09,588 INFO     ___FILE_ONLY___ ╠═ Installing: gcloud cli dependencies                      ═╣

2023-02-17 19:29:09,589 INFO     ___FILE_ONLY___ ╚
2023-02-17 19:29:09,593 DEBUG    urllib3.connectionpool Starting new HTTPS connection (1): dl.google.com:443
2023-02-17 19:29:09,623 DEBUG    urllib3.connectionpool https://dl.google.com:443 "GET /dl/cloudsdk/channels/rapid/components/google-cloud-sdk-gcloud-deps-linux-x86_64-20210416153011.tar.gz HTTP/1.1" 200 104
2023-02-17 19:29:09,624 INFO     ___FILE_ONLY___ ══════════════════════════════
2023-02-17 19:29:09,625 INFO     ___FILE_ONLY___ ══════════════════════════════
2023-02-17 19:29:09,625 INFO     ___FILE_ONLY___ ╝

2023-02-17 19:29:09,638 INFO     ___FILE_ONLY___ ╔════════════════════════════════════════════════════════════╗

2023-02-17 19:29:09,639 INFO     ___FILE_ONLY___ ╠═ Creating backup and activating new installation          ═╣

2023-02-17 19:29:09,639 INFO     ___FILE_ONLY___ ╚
2023-02-17 19:29:09,639 DEBUG    root            Attempting to move directory [/tools/google-cloud-sdk] to [/tools/google-cloud-sdk.staging/.install/.backup]
2023-02-17 19:29:09,639 INFO     ___FILE_ONLY___ ══════════════════════════════
2023-02-17 19:29:09,640 DEBUG    root            Attempting to move directory [/tools/google-cloud-sdk.staging] to [/tools/google-cloud-sdk]
2023-02-17 19:29:09,640 INFO     ___FILE_ONLY___ ══════════════════════════════
2023-02-17 19:29:09,640 INFO     ___FILE_ONLY___ ╝

2023-02-17 19:29:09,645 DEBUG    root            Updating notification cache...
2023-02-17 19:29:09,645 INFO     ___FILE_ONLY___ 

2023-02-17 19:29:09,651 INFO     ___FILE_ONLY___ Performing post processing steps...
2023-02-17 19:29:09,652 DEBUG    root            Executing command: ['python3', '-S', '/tools/google-cloud-sdk/lib/gcloud.py', 'components', 'post-process']
2023-02-17 19:29:35,643 DEBUG    ___FILE_ONLY___ 
2023-02-17 19:29:35,643 DEBUG    ___FILE_ONLY___ 
2023-02-17 19:29:35,692 INFO     ___FILE_ONLY___ 
Update done!


2023-02-17 19:29:35,697 DEBUG    root            Chosen display Format:none
2023-02-17 19:29:35,697 INFO     root            Display format: "none"
